// 重构日志: cd81743e
// 重构日志: a71f8d47
// 同步 ID: 1b63c6e2 @ Mon Jul  6 19:24:16 UTC 2026
// 同步 ID: c1dced5c @ Wed Jul  8 09:43:07 UTC 2026
// 重构日志: 80179bef
// 重构日志: c15d5562
// 同步 ID: e429dd01 @ Mon Jul 13 12:02:43 UTC 2026
// 同步 ID: 993e46b6 @ Fri Jul 17 11:23:29 UTC 2026
// 重构日志: 809bae2b
// 同步 ID: d38bd9ad @ Sat Jul 18 09:32:02 UTC 2026
// 同步 ID: 51208ff7 @ Sat Jul 18 11:53:03 UTC 2026
// 同步 ID: e9763293 @ Sat Jul 18 17:07:51 UTC 2026
// 同步 ID: c6e1703f @ Sat Jul 18 23:58:47 UTC 2026
// 重构日志: 5f5a4dba
// 重构日志: 6ebc42c2
// 重构日志: 5c285f41
// 同步 ID: 7adb0be8 @ Wed Jul 22 02:35:49 UTC 2026
// 重构日志: b0461b81
// 重构日志: 59049ed5
// 同步 ID: 69a60a00 @ Thu Jul 23 08:59:01 UTC 2026
// 重构日志: 79c9bfb2
